<?xml version="1.0" encoding="UTF-8"?>
<testsuites name="LandingPageGit" time="6.583" tests="1" failures="0" errors="0">
   <testsuite name="LandingPageGit" tests="1" failures="0" errors="0" time="6.583" skipped="0" timestamp="29-09-2024T14:22:07" hostname="GR644HV - XW5CG3415Q46.ey.net" id="Test Suites/LandingPageGit">
      <properties>
         <property name="deviceName" value=""/>
         <property name="devicePlatform"/>
         <property name="logFolder" value="C:\\Users\\GR644HV\\git\\KatalonMyAccount\\Reports\\20240929_142202\\LandingPageGit\\20240929_142202"/>
         <property name="logFiles" value="C:\\Users\\GR644HV\\git\\KatalonMyAccount\\Reports\\20240929_142202\\LandingPageGit\\20240929_142202\\execution0.log"/>
         <property name="attachments" value=""/>
         <property name="hostName" value="GR644HV - XW5CG3415Q46.ey.net"/>
         <property name="os" value="Windows 10 64bit"/>
         <property name="katalonVersion" value="9.7.2.223"/>
         <property name="browser" value="Edge Chromium 129"/>
         <property name="hostAddress" value="192.168.1.4"/>
         <property name="sessionId" value="dca7f08388db96dce34c2dd032efd2eb"/>
         <property name="seleniumVersion" value="3.141.59"/>
         <property name="proxyInformation" value="ProxyInformation { proxyOption=NO_PROXY, proxyServerType=HTTP, username=, password=********, proxyServerAddress=, proxyServerPort=0, executionList=&quot;&quot;, isApplyToDesiredCapabilities=true }"/>
         <property name="platform" value="Windows 10"/>
      </properties>
      <testcase name="Test Cases/LandingPageGit" time="6.278" classname="Test Cases/LandingPageGit" status="PASSED">
         <system-out><![CDATA[29-09-2024T14:22:07 - [TEST_CASE][PASSED] - Test Cases/LandingPageGit: Test Cases/LandingPageGit

29-09-2024T14:22:07 - [TEST_STEP][PASSED] - openBrowser(""): Browser is opened with url: ''

29-09-2024T14:22:08 - [MESSAGE][INFO] - Starting 'Edge Chromium' driver

29-09-2024T14:22:10 - [MESSAGE][INFO] - Action delay is set to 0 milliseconds

29-09-2024T14:22:12 - [MESSAGE][PASSED] - Browser is opened with url: ''

29-09-2024T14:22:12 - [TEST_STEP][PASSED] - navigateToUrl("https://petstore.octoperf.com/"): Navigate to 'https://petstore.octoperf.com/' successfully

29-09-2024T14:22:13 - [MESSAGE][PASSED] - Navigate to 'https://petstore.octoperf.com/' successfully

29-09-2024T14:22:13 - [TEST_STEP][PASSED] - verifyElementText(findTestObject("Object Repository/LandingpageGit/Page_JPetStore Demo/a_Enter the Store"), "Enter the Store"): Actual text and expected text of test object 'Object Repository/LandingpageGit/Page_JPetStore Demo/a_Enter the Store' are matched.

29-09-2024T14:22:13 - [MESSAGE][PASSED] - Actual text and expected text of test object 'Object Repository/LandingpageGit/Page_JPetStore Demo/a_Enter the Store' are matched.

29-09-2024T14:22:13 - [TEST_STEP][PASSED] - closeBrowser(): Browser is closed

29-09-2024T14:22:13 - [MESSAGE][PASSED] - Browser is closed]]></system-out>
         <system-err><![CDATA[]]></system-err>
      </testcase>
      <system-out><![CDATA[29-09-2024T14:22:07 - [TEST_SUITE][PASSED] - LandingPageGit: Test Cases/LandingPageGit]]></system-out>
      <system-err><![CDATA[]]></system-err>
   </testsuite>
</testsuites>
